HHC5010: Error: Cannot open "e:\ÂÑÅ\pr3osn\ïð3.chm". Compilation stopped.
HHC5010: Error: Cannot open "e:\ÂÑÅ\pr3osn\ïð3.chm". Compilation stopped.
HHC5010: Error: Cannot open "e:\ÂÑÅ\pr3osn\ïð3.chm". Compilation stopped.
HHC5010: Error: Cannot open "e:\ÂÑÅ\pr3osn\ïð3.chm". Compilation stopped.
Microsoft HTML Help Compiler 4.74.8702

Compiling e:\ÂÑÅ\pr3osn\ïð3.chm


Compile time: 0 minutes, 1 second
4	Topics
18	Local links
0	Internet links
4	Graphics


Created e:\ÂÑÅ\pr3osn\ïð3.chm, 64,706 bytes
Compression decreased file by 186 bytes.
Microsoft HTML Help Compiler 4.74.8702

Compiling e:\ÂÑÅ\pr3osn\ïð3.chm


Compile time: 0 minutes, 1 second
4	Topics
18	Local links
0	Internet links
4	Graphics


Created e:\ÂÑÅ\pr3osn\ïð3.chm, 64,708 bytes
Compression decreased file by 184 bytes.
Microsoft HTML Help Compiler 4.74.8702

Compiling e:\ÂÑÅ\pr3osn\ïð3.chm


Compile time: 0 minutes, 1 second
4	Topics
18	Local links
0	Internet links
4	Graphics


Created e:\ÂÑÅ\pr3osn\ïð3.chm, 64,708 bytes
Compression decreased file by 184 bytes.
Microsoft HTML Help Compiler 4.74.8702

Compiling e:\ÂÑÅ\pr3osn\ïð3.chm


Compile time: 0 minutes, 1 second
4	Topics
18	Local links
0	Internet links
4	Graphics


Created e:\ÂÑÅ\pr3osn\ïð3.chm, 64,708 bytes
Compression decreased file by 184 bytes.
Microsoft HTML Help Compiler 4.74.8702

Compiling e:\ÂÑÅ\pr3osn\ïð3.chm


Compile time: 0 minutes, 1 second
4	Topics
18	Local links
0	Internet links
4	Graphics


Created e:\ÂÑÅ\pr3osn\ïð3.chm, 64,708 bytes
Compression decreased file by 184 bytes.
Microsoft HTML Help Compiler 4.74.8702

Compiling e:\ÂÑÅ\pr3osn\ïð3.chm


Compile time: 0 minutes, 1 second
4	Topics
18	Local links
0	Internet links
4	Graphics


Created e:\ÂÑÅ\pr3osn\ïð3.chm, 64,706 bytes
Compression decreased file by 186 bytes.
Microsoft HTML Help Compiler 4.74.8702

Compiling e:\ÂÑÅ\pr3osn\ïð3.chm


Compile time: 0 minutes, 1 second
4	Topics
18	Local links
0	Internet links
4	Graphics


Created e:\ÂÑÅ\pr3osn\ïð3.chm, 64,706 bytes
Compression decreased file by 186 bytes.
Microsoft HTML Help Compiler 4.74.8702

Compiling e:\ÂÑÅ\pr3osn\ïð3.chm


Compile time: 0 minutes, 1 second
4	Topics
18	Local links
0	Internet links
4	Graphics


Created e:\ÂÑÅ\pr3osn\ïð3.chm, 64,708 bytes
Compression decreased file by 184 bytes.
Microsoft HTML Help Compiler 4.74.8702

Compiling e:\ÂÑÅ\pr3osn\ïð3.chm


Compile time: 0 minutes, 1 second
4	Topics
18	Local links
0	Internet links
4	Graphics


Created e:\ÂÑÅ\pr3osn\ïð3.chm, 64,706 bytes
Compression decreased file by 186 bytes.
Microsoft HTML Help Compiler 4.74.8702

Compiling e:\ÂÑÅ\pr3osn\ïð3.chm


Compile time: 0 minutes, 1 second
4	Topics
18	Local links
0	Internet links
4	Graphics


Created e:\ÂÑÅ\pr3osn\ïð3.chm, 64,706 bytes
Compression decreased file by 186 bytes.
Microsoft HTML Help Compiler 4.74.8702

Compiling e:\ÂÑÅ\pr3osn\ïð3.chm


Compile time: 0 minutes, 1 second
5	Topics
21	Local links
0	Internet links
4	Graphics


Created e:\ÂÑÅ\pr3osn\ïð3.chm, 64,778 bytes
Compression decreased file by 825 bytes.
